<?xml version="1.0" encoding="UTF-8"?>
<coverage generated="1764105860396" clover="3.2.0">
  <project timestamp="1764105860396" name="All files">
    <metrics statements="165" coveredstatements="133" conditionals="165" coveredconditionals="108" methods="13" coveredmethods="11" elements="343" coveredelements="252" complexity="0" loc="165" ncloc="165" packages="1" files="1" classes="1"/>
    <file name="matching-engine.ts" path="/Users/george/bibiafyzio/lib/matching/matching-engine.ts">
      <metrics statements="165" coveredstatements="133" conditionals="165" coveredconditionals="108" methods="13" coveredmethods="11"/>
      <line num="13" count="1" type="stmt"/>
      <line num="54" count="1" type="stmt"/>
      <line num="58" count="31" type="stmt"/>
      <line num="62" count="172" type="cond" truecount="2" falsecount="0"/>
      <line num="63" count="98" type="stmt"/>
      <line num="65" count="98" type="cond" truecount="2" falsecount="0"/>
      <line num="67" count="37" type="cond" truecount="2" falsecount="0"/>
      <line num="68" count="16" type="stmt"/>
      <line num="69" count="16" type="cond" truecount="1" falsecount="1"/>
      <line num="70" count="16" type="stmt"/>
      <line num="73" count="21" type="stmt"/>
      <line num="79" count="61" type="cond" truecount="2" falsecount="0"/>
      <line num="80" count="50" type="cond" truecount="2" falsecount="0"/>
      <line num="82" count="50" type="cond" truecount="2" falsecount="0"/>
      <line num="84" count="50" type="cond" truecount="3" falsecount="1"/>
      <line num="85" count="0" type="stmt"/>
      <line num="93" count="135" type="cond" truecount="1" falsecount="1"/>
      <line num="94" count="0" type="cond" truecount="0" falsecount="2"/>
      <line num="95" count="0" type="stmt"/>
      <line num="103" count="135" type="cond" truecount="5" falsecount="0"/>
      <line num="104" count="30" type="cond" truecount="2" falsecount="0"/>
      <line num="105" count="10" type="stmt"/>
      <line num="112" count="125" type="cond" truecount="4" falsecount="0"/>
      <line num="113" count="40" type="cond" truecount="2" falsecount="0"/>
      <line num="114" count="20" type="stmt"/>
      <line num="121" count="105" type="cond" truecount="5" falsecount="0"/>
      <line num="122" count="34" type="stmt"/>
      <line num="124" count="34" type="cond" truecount="2" falsecount="0"/>
      <line num="128" count="2" type="stmt"/>
      <line num="132" count="32" type="stmt"/>
      <line num="141" count="32" type="cond" truecount="2" falsecount="0"/>
      <line num="142" count="2" type="cond" truecount="1" falsecount="1"/>
      <line num="143" count="0" type="stmt"/>
      <line num="145" count="2" type="cond" truecount="2" falsecount="0"/>
      <line num="146" count="1" type="stmt"/>
      <line num="148" count="30" type="cond" truecount="1" falsecount="1"/>
      <line num="150" count="30" type="cond" truecount="1" falsecount="1"/>
      <line num="151" count="30" type="cond" truecount="2" falsecount="0"/>
      <line num="152" count="15" type="stmt"/>
      <line num="160" count="87" type="cond" truecount="4" falsecount="0"/>
      <line num="161" count="15" type="stmt"/>
      <line num="164" count="72" type="stmt"/>
      <line num="178" count="1" type="stmt"/>
      <line num="182" count="21" type="stmt"/>
      <line num="183" count="72" type="stmt"/>
      <line num="184" count="72" type="stmt"/>
      <line num="195" count="72" type="cond" truecount="4" falsecount="0"/>
      <line num="197" count="1" type="cond" truecount="1" falsecount="1"/>
      <line num="198" count="0" type="cond" truecount="0" falsecount="2"/>
      <line num="199" count="0" type="stmt"/>
      <line num="200" count="0" type="cond" truecount="0" falsecount="4"/>
      <line num="201" count="0" type="cond" truecount="0" falsecount="2"/>
      <line num="203" count="0" type="stmt"/>
      <line num="204" count="0" type="cond" truecount="0" falsecount="4"/>
      <line num="205" count="0" type="stmt"/>
      <line num="207" count="0" type="stmt"/>
      <line num="209" count="1" type="cond" truecount="1" falsecount="1"/>
      <line num="211" count="1" type="stmt"/>
      <line num="212" count="1" type="cond" truecount="1" falsecount="1"/>
      <line num="214" count="1" type="cond" truecount="1" falsecount="1"/>
      <line num="215" count="1" type="stmt"/>
      <line num="216" count="0" type="cond" truecount="0" falsecount="2"/>
      <line num="217" count="0" type="stmt"/>
      <line num="219" count="0" type="stmt"/>
      <line num="224" count="71" type="stmt"/>
      <line num="226" count="72" type="stmt"/>
      <line num="230" count="72" type="cond" truecount="1" falsecount="1"/>
      <line num="231" count="72" type="stmt"/>
      <line num="232" count="73" type="stmt"/>
      <line num="234" count="72" type="stmt"/>
      <line num="237" count="0" type="stmt"/>
      <line num="239" count="72" type="stmt"/>
      <line num="243" count="72" type="cond" truecount="1" falsecount="1"/>
      <line num="244" count="0" type="cond" truecount="0" falsecount="4"/>
      <line num="245" count="0" type="stmt"/>
      <line num="247" count="0" type="stmt"/>
      <line num="251" count="72" type="stmt"/>
      <line num="253" count="72" type="stmt"/>
      <line num="259" count="72" type="cond" truecount="4" falsecount="0"/>
      <line num="260" count="14" type="cond" truecount="2" falsecount="0"/>
      <line num="261" count="7" type="stmt"/>
      <line num="263" count="7" type="stmt"/>
      <line num="267" count="58" type="stmt"/>
      <line num="269" count="72" type="stmt"/>
      <line num="273" count="72" type="stmt"/>
      <line num="274" count="72" type="cond" truecount="6" falsecount="0"/>
      <line num="276" count="13" type="stmt"/>
      <line num="282" count="13" type="cond" truecount="2" falsecount="0"/>
      <line num="283" count="11" type="stmt"/>
      <line num="284" count="2" type="cond" truecount="1" falsecount="1"/>
      <line num="285" count="0" type="stmt"/>
      <line num="286" count="2" type="cond" truecount="1" falsecount="1"/>
      <line num="287" count="0" type="stmt"/>
      <line num="288" count="2" type="cond" truecount="1" falsecount="1"/>
      <line num="289" count="0" type="stmt"/>
      <line num="291" count="2" type="stmt"/>
      <line num="295" count="59" type="stmt"/>
      <line num="297" count="72" type="stmt"/>
      <line num="301" count="72" type="stmt"/>
      <line num="302" count="72" type="stmt"/>
      <line num="304" count="72" type="stmt"/>
      <line num="325" count="1" type="stmt"/>
      <line num="329" count="3" type="stmt"/>
      <line num="330" count="3" type="stmt"/>
      <line num="331" count="3" type="stmt"/>
      <line num="337" count="3" type="stmt"/>
      <line num="340" count="3" type="cond" truecount="3" falsecount="1"/>
      <line num="341" count="3" type="stmt"/>
      <line num="342" count="3" type="stmt"/>
      <line num="346" count="3" type="cond" truecount="3" falsecount="1"/>
      <line num="350" count="3" type="stmt"/>
      <line num="351" count="3" type="cond" truecount="1" falsecount="1"/>
      <line num="352" count="0" type="stmt"/>
      <line num="359" count="3" type="cond" truecount="2" falsecount="0"/>
      <line num="360" count="2" type="stmt"/>
      <line num="361" count="2" type="stmt"/>
      <line num="364" count="2" type="stmt"/>
      <line num="365" count="4" type="cond" truecount="1" falsecount="1"/>
      <line num="368" count="2" type="cond" truecount="1" falsecount="1"/>
      <line num="369" count="2" type="stmt"/>
      <line num="370" count="2" type="stmt"/>
      <line num="377" count="1" type="cond" truecount="3" falsecount="1"/>
      <line num="378" count="1" type="cond" truecount="1" falsecount="1"/>
      <line num="379" count="1" type="stmt"/>
      <line num="381" count="1" type="stmt"/>
      <line num="382" count="4" type="stmt"/>
      <line num="383" count="4" type="stmt"/>
      <line num="385" count="4" type="cond" truecount="1" falsecount="1"/>
      <line num="386" count="0" type="stmt"/>
      <line num="387" count="0" type="stmt"/>
      <line num="393" count="1" type="stmt"/>
      <line num="394" count="1" type="stmt"/>
      <line num="396" count="1" type="cond" truecount="1" falsecount="1"/>
      <line num="397" count="0" type="stmt"/>
      <line num="398" count="0" type="stmt"/>
      <line num="402" count="1" type="cond" truecount="0" falsecount="2"/>
      <line num="403" count="1" type="stmt"/>
      <line num="404" count="1" type="stmt"/>
      <line num="422" count="3" type="stmt"/>
      <line num="450" count="1" type="stmt"/>
      <line num="454" count="21" type="stmt"/>
      <line num="457" count="21" type="stmt"/>
      <line num="458" count="21" type="stmt"/>
      <line num="461" count="21" type="stmt"/>
      <line num="462" count="21" type="stmt"/>
      <line num="464" count="21" type="cond" truecount="2" falsecount="0"/>
      <line num="466" count="3" type="cond" truecount="2" falsecount="0"/>
      <line num="468" count="2" type="stmt"/>
      <line num="469" count="2" type="stmt"/>
      <line num="470" count="2" type="stmt"/>
      <line num="471" count="2" type="stmt"/>
      <line num="474" count="1" type="stmt"/>
      <line num="475" count="1" type="stmt"/>
      <line num="476" count="1" type="stmt"/>
      <line num="477" count="1" type="stmt"/>
      <line num="482" count="21" type="stmt"/>
      <line num="485" count="21" type="stmt"/>
      <line num="487" count="96" type="cond" truecount="1" falsecount="1"/>
      <line num="488" count="96" type="stmt"/>
      <line num="492" count="0" type="cond" truecount="0" falsecount="4"/>
      <line num="493" count="0" type="cond" truecount="0" falsecount="4"/>
      <line num="494" count="0" type="cond" truecount="0" falsecount="2"/>
      <line num="495" count="0" type="stmt"/>
      <line num="499" count="0" type="stmt"/>
      <line num="502" count="21" type="stmt"/>
    </file>
  </project>
</coverage>
