{"/Users/george/bibiafyzio/lib/matching/matching-engine.ts": {"path":"/Users/george/bibiafyzio/lib/matching/matching-engine.ts","statementMap":{"0":{"start":{"line":54,"column":0},"end":{"line":54,"column":16}},"1":{"start":{"line":178,"column":0},"end":{"line":178,"column":16}},"2":{"start":{"line":325,"column":0},"end":{"line":325,"column":16}},"3":{"start":{"line":450,"column":0},"end":{"line":450,"column":16}},"4":{"start":{"line":13,"column":0},"end":{"line":13,"column":45}},"5":{"start":{"line":58,"column":2},"end":{"line":165,"column":null}},"6":{"start":{"line":62,"column":4},"end":{"line":88,"column":5}},"7":{"start":{"line":63,"column":31},"end":{"line":63,"column":83}},"8":{"start":{"line":65,"column":6},"end":{"line":75,"column":7}},"9":{"start":{"line":67,"column":8},"end":{"line":74,"column":9}},"10":{"start":{"line":68,"column":28},"end":{"line":68,"column":70}},"11":{"start":{"line":69,"column":10},"end":{"line":71,"column":11}},"12":{"start":{"line":70,"column":12},"end":{"line":70,"column":25}},"13":{"start":{"line":73,"column":10},"end":{"line":73,"column":23}},"14":{"start":{"line":79,"column":6},"end":{"line":87,"column":7}},"15":{"start":{"line":80,"column":27},"end":{"line":81,"column":68}},"16":{"start":{"line":82,"column":30},"end":{"line":83,"column":75}},"17":{"start":{"line":84,"column":8},"end":{"line":86,"column":9}},"18":{"start":{"line":85,"column":10},"end":{"line":85,"column":null}},"19":{"start":{"line":93,"column":4},"end":{"line":97,"column":5}},"20":{"start":{"line":94,"column":6},"end":{"line":96,"column":7}},"21":{"start":{"line":95,"column":8},"end":{"line":95,"column":null}},"22":{"start":{"line":103,"column":4},"end":{"line":107,"column":5}},"23":{"start":{"line":104,"column":6},"end":{"line":106,"column":7}},"24":{"start":{"line":105,"column":8},"end":{"line":105,"column":null}},"25":{"start":{"line":112,"column":4},"end":{"line":116,"column":5}},"26":{"start":{"line":113,"column":6},"end":{"line":115,"column":7}},"27":{"start":{"line":114,"column":8},"end":{"line":114,"column":null}},"28":{"start":{"line":121,"column":4},"end":{"line":155,"column":5}},"29":{"start":{"line":122,"column":30},"end":{"line":122,"column":51}},"30":{"start":{"line":124,"column":6},"end":{"line":129,"column":7}},"31":{"start":{"line":128,"column":8},"end":{"line":128,"column":null}},"32":{"start":{"line":132,"column":25},"end":{"line":134,"column":null}},"33":{"start":{"line":141,"column":6},"end":{"line":154,"column":7}},"34":{"start":{"line":142,"column":8},"end":{"line":144,"column":9}},"35":{"start":{"line":143,"column":10},"end":{"line":143,"column":23}},"36":{"start":{"line":145,"column":8},"end":{"line":147,"column":9}},"37":{"start":{"line":146,"column":10},"end":{"line":146,"column":23}},"38":{"start":{"line":148,"column":13},"end":{"line":154,"column":7}},"39":{"start":{"line":150,"column":25},"end":{"line":150,"column":46}},"40":{"start":{"line":151,"column":8},"end":{"line":153,"column":9}},"41":{"start":{"line":152,"column":10},"end":{"line":152,"column":23}},"42":{"start":{"line":160,"column":4},"end":{"line":162,"column":5}},"43":{"start":{"line":161,"column":6},"end":{"line":161,"column":null}},"44":{"start":{"line":164,"column":4},"end":{"line":164,"column":16}},"45":{"start":{"line":182,"column":2},"end":{"line":310,"column":null}},"46":{"start":{"line":183,"column":21},"end":{"line":183,"column":22}},"47":{"start":{"line":184,"column":22},"end":{"line":191,"column":null}},"48":{"start":{"line":195,"column":4},"end":{"line":225,"column":5}},"49":{"start":{"line":197,"column":6},"end":{"line":221,"column":7}},"50":{"start":{"line":198,"column":8},"end":{"line":208,"column":9}},"51":{"start":{"line":199,"column":10},"end":{"line":199,"column":null}},"52":{"start":{"line":200,"column":15},"end":{"line":208,"column":9}},"53":{"start":{"line":201,"column":10},"end":{"line":201,"column":92}},"54":{"start":{"line":203,"column":10},"end":{"line":203,"column":36}},"55":{"start":{"line":204,"column":15},"end":{"line":208,"column":9}},"56":{"start":{"line":205,"column":10},"end":{"line":205,"column":36}},"57":{"start":{"line":207,"column":10},"end":{"line":207,"column":36}},"58":{"start":{"line":209,"column":13},"end":{"line":221,"column":7}},"59":{"start":{"line":211,"column":31},"end":{"line":212,"column":null}},"60":{"start":{"line":212,"column":10},"end":{"line":212,"column":96}},"61":{"start":{"line":214,"column":8},"end":{"line":220,"column":9}},"62":{"start":{"line":215,"column":10},"end":{"line":215,"column":37}},"63":{"start":{"line":216,"column":15},"end":{"line":220,"column":9}},"64":{"start":{"line":217,"column":10},"end":{"line":217,"column":89}},"65":{"start":{"line":219,"column":10},"end":{"line":219,"column":36}},"66":{"start":{"line":224,"column":6},"end":{"line":224,"column":null}},"67":{"start":{"line":226,"column":4},"end":{"line":226,"column":null}},"68":{"start":{"line":230,"column":4},"end":{"line":238,"column":5}},"69":{"start":{"line":231,"column":32},"end":{"line":232,"column":null}},"70":{"start":{"line":232,"column":8},"end":{"line":232,"column":42}},"71":{"start":{"line":234,"column":6},"end":{"line":234,"column":71}},"72":{"start":{"line":237,"column":6},"end":{"line":237,"column":null}},"73":{"start":{"line":239,"column":4},"end":{"line":239,"column":null}},"74":{"start":{"line":243,"column":4},"end":{"line":252,"column":5}},"75":{"start":{"line":244,"column":6},"end":{"line":248,"column":7}},"76":{"start":{"line":245,"column":8},"end":{"line":245,"column":null}},"77":{"start":{"line":247,"column":8},"end":{"line":247,"column":null}},"78":{"start":{"line":251,"column":6},"end":{"line":251,"column":null}},"79":{"start":{"line":253,"column":4},"end":{"line":253,"column":null}},"80":{"start":{"line":259,"column":4},"end":{"line":268,"column":5}},"81":{"start":{"line":260,"column":6},"end":{"line":264,"column":7}},"82":{"start":{"line":261,"column":8},"end":{"line":261,"column":null}},"83":{"start":{"line":263,"column":8},"end":{"line":263,"column":null}},"84":{"start":{"line":267,"column":6},"end":{"line":267,"column":29}},"85":{"start":{"line":269,"column":4},"end":{"line":269,"column":null}},"86":{"start":{"line":273,"column":36},"end":{"line":273,"column":40}},"87":{"start":{"line":274,"column":4},"end":{"line":296,"column":5}},"88":{"start":{"line":276,"column":6},"end":{"line":279,"column":null}},"89":{"start":{"line":282,"column":6},"end":{"line":292,"column":7}},"90":{"start":{"line":283,"column":8},"end":{"line":283,"column":null}},"91":{"start":{"line":284,"column":13},"end":{"line":292,"column":7}},"92":{"start":{"line":285,"column":8},"end":{"line":285,"column":null}},"93":{"start":{"line":286,"column":13},"end":{"line":292,"column":7}},"94":{"start":{"line":287,"column":8},"end":{"line":287,"column":null}},"95":{"start":{"line":288,"column":13},"end":{"line":292,"column":7}},"96":{"start":{"line":289,"column":8},"end":{"line":289,"column":null}},"97":{"start":{"line":291,"column":8},"end":{"line":291,"column":null}},"98":{"start":{"line":295,"column":6},"end":{"line":295,"column":null}},"99":{"start":{"line":297,"column":4},"end":{"line":297,"column":null}},"100":{"start":{"line":301,"column":4},"end":{"line":301,"column":null}},"101":{"start":{"line":302,"column":4},"end":{"line":302,"column":null}},"102":{"start":{"line":304,"column":4},"end":{"line":309,"column":null}},"103":{"start":{"line":329,"column":22},"end":{"line":329,"column":35}},"104":{"start":{"line":330,"column":26},"end":{"line":330,"column":36}},"105":{"start":{"line":331,"column":22},"end":{"line":331,"column":28}},"106":{"start":{"line":337,"column":23},"end":{"line":337,"column":43}},"107":{"start":{"line":340,"column":2},"end":{"line":343,"column":3}},"108":{"start":{"line":341,"column":4},"end":{"line":341,"column":32}},"109":{"start":{"line":342,"column":4},"end":{"line":342,"column":null}},"110":{"start":{"line":346,"column":2},"end":{"line":348,"column":3}},"111":{"start":{"line":350,"column":22},"end":{"line":350,"column":71}},"112":{"start":{"line":351,"column":2},"end":{"line":353,"column":3}},"113":{"start":{"line":352,"column":4},"end":{"line":352,"column":null}},"114":{"start":{"line":359,"column":2},"end":{"line":372,"column":3}},"115":{"start":{"line":360,"column":25},"end":{"line":360,"column":74}},"116":{"start":{"line":361,"column":24},"end":{"line":361,"column":73}},"117":{"start":{"line":364,"column":4},"end":{"line":366,"column":null}},"118":{"start":{"line":365,"column":6},"end":{"line":365,"column":78}},"119":{"start":{"line":368,"column":4},"end":{"line":371,"column":5}},"120":{"start":{"line":369,"column":6},"end":{"line":369,"column":null}},"121":{"start":{"line":370,"column":6},"end":{"line":370,"column":null}},"122":{"start":{"line":377,"column":2},"end":{"line":390,"column":3}},"123":{"start":{"line":378,"column":27},"end":{"line":378,"column":55}},"124":{"start":{"line":379,"column":26},"end":{"line":379,"column":93}},"125":{"start":{"line":381,"column":4},"end":{"line":389,"column":5}},"126":{"start":{"line":382,"column":27},"end":{"line":382,"column":73}},"127":{"start":{"line":383,"column":28},"end":{"line":383,"column":77}},"128":{"start":{"line":385,"column":6},"end":{"line":388,"column":7}},"129":{"start":{"line":386,"column":8},"end":{"line":386,"column":null}},"130":{"start":{"line":387,"column":8},"end":{"line":387,"column":null}},"131":{"start":{"line":393,"column":22},"end":{"line":393,"column":98}},"132":{"start":{"line":394,"column":23},"end":{"line":394,"column":71}},"133":{"start":{"line":396,"column":2},"end":{"line":399,"column":3}},"134":{"start":{"line":397,"column":4},"end":{"line":397,"column":null}},"135":{"start":{"line":398,"column":4},"end":{"line":398,"column":null}},"136":{"start":{"line":402,"column":21},"end":{"line":402,"column":87}},"137":{"start":{"line":402,"column":51},"end":{"line":402,"column":86}},"138":{"start":{"line":403,"column":2},"end":{"line":403,"column":null}},"139":{"start":{"line":404,"column":2},"end":{"line":404,"column":null}},"140":{"start":{"line":422,"column":2},"end":{"line":430,"column":null}},"141":{"start":{"line":454,"column":24},"end":{"line":454,"column":41}},"142":{"start":{"line":457,"column":17},"end":{"line":457,"column":53}},"143":{"start":{"line":458,"column":27},"end":{"line":458,"column":42}},"144":{"start":{"line":461,"column":21},"end":{"line":461,"column":26}},"145":{"start":{"line":462,"column":37},"end":{"line":462,"column":41}},"146":{"start":{"line":464,"column":2},"end":{"line":479,"column":3}},"147":{"start":{"line":466,"column":4},"end":{"line":478,"column":5}},"148":{"start":{"line":468,"column":23},"end":{"line":468,"column":62}},"149":{"start":{"line":469,"column":6},"end":{"line":469,"column":null}},"150":{"start":{"line":470,"column":6},"end":{"line":470,"column":null}},"151":{"start":{"line":471,"column":6},"end":{"line":471,"column":null}},"152":{"start":{"line":474,"column":23},"end":{"line":474,"column":62}},"153":{"start":{"line":475,"column":6},"end":{"line":475,"column":null}},"154":{"start":{"line":476,"column":6},"end":{"line":476,"column":null}},"155":{"start":{"line":477,"column":6},"end":{"line":477,"column":null}},"156":{"start":{"line":482,"column":17},"end":{"line":482,"column":51}},"157":{"start":{"line":485,"column":17},"end":{"line":500,"column":4}},"158":{"start":{"line":487,"column":4},"end":{"line":489,"column":5}},"159":{"start":{"line":488,"column":6},"end":{"line":488,"column":null}},"160":{"start":{"line":492,"column":16},"end":{"line":492,"column":56}},"161":{"start":{"line":493,"column":16},"end":{"line":493,"column":56}},"162":{"start":{"line":494,"column":4},"end":{"line":496,"column":5}},"163":{"start":{"line":495,"column":6},"end":{"line":495,"column":null}},"164":{"start":{"line":499,"column":4},"end":{"line":499,"column":null}},"165":{"start":{"line":502,"column":2},"end":{"line":510,"column":null}}},"fnMap":{"0":{"name":"applyHardFilters","decl":{"start":{"line":54,"column":16},"end":{"line":54,"column":32}},"loc":{"start":{"line":56,"column":33},"end":{"line":166,"column":1}}},"1":{"name":"(anonymous_1)","decl":{"start":{"line":58,"column":27},"end":{"line":58,"column":36}},"loc":{"start":{"line":58,"column":39},"end":{"line":165,"column":3}}},"2":{"name":"applySoftScoring","decl":{"start":{"line":178,"column":16},"end":{"line":178,"column":32}},"loc":{"start":{"line":180,"column":33},"end":{"line":311,"column":1}}},"3":{"name":"(anonymous_3)","decl":{"start":{"line":182,"column":24},"end":{"line":182,"column":33}},"loc":{"start":{"line":182,"column":36},"end":{"line":310,"column":3}}},"4":{"name":"(anonymous_4)","decl":{"start":{"line":200,"column":79},"end":{"line":200,"column":82}},"loc":{"start":{"line":201,"column":10},"end":{"line":201,"column":92}}},"5":{"name":"(anonymous_5)","decl":{"start":{"line":211,"column":52},"end":{"line":211,"column":57}},"loc":{"start":{"line":212,"column":10},"end":{"line":212,"column":96}}},"6":{"name":"(anonymous_6)","decl":{"start":{"line":231,"column":56},"end":{"line":231,"column":60}},"loc":{"start":{"line":232,"column":8},"end":{"line":232,"column":42}}},"7":{"name":"applyFallbackLayers","decl":{"start":{"line":325,"column":16},"end":{"line":325,"column":35}},"loc":{"start":{"line":327,"column":33},"end":{"line":405,"column":1}}},"8":{"name":"(anonymous_8)","decl":{"start":{"line":364,"column":41},"end":{"line":364,"column":42}},"loc":{"start":{"line":365,"column":6},"end":{"line":365,"column":78}}},"9":{"name":"(anonymous_9)","decl":{"start":{"line":402,"column":46},"end":{"line":402,"column":47}},"loc":{"start":{"line":402,"column":51},"end":{"line":402,"column":86}}},"10":{"name":"isGenericQuery","decl":{"start":{"line":421,"column":9},"end":{"line":421,"column":23}},"loc":{"start":{"line":421,"column":46},"end":{"line":431,"column":1}}},"11":{"name":"findMatches","decl":{"start":{"line":450,"column":16},"end":{"line":450,"column":27}},"loc":{"start":{"line":452,"column":33},"end":{"line":511,"column":1}}},"12":{"name":"(anonymous_12)","decl":{"start":{"line":485,"column":29},"end":{"line":485,"column":30}},"loc":{"start":{"line":485,"column":38},"end":{"line":500,"column":3}}}},"branchMap":{"0":{"loc":{"start":{"line":62,"column":4},"end":{"line":88,"column":5}},"type":"if","locations":[{"start":{"line":62,"column":4},"end":{"line":88,"column":5}},{"start":{},"end":{}}]},"1":{"loc":{"start":{"line":65,"column":6},"end":{"line":75,"column":7}},"type":"if","locations":[{"start":{"line":65,"column":6},"end":{"line":75,"column":7}},{"start":{},"end":{}}]},"2":{"loc":{"start":{"line":67,"column":8},"end":{"line":74,"column":9}},"type":"if","locations":[{"start":{"line":67,"column":8},"end":{"line":74,"column":9}},{"start":{"line":72,"column":15},"end":{"line":74,"column":9}}]},"3":{"loc":{"start":{"line":69,"column":10},"end":{"line":71,"column":11}},"type":"if","locations":[{"start":{"line":69,"column":10},"end":{"line":71,"column":11}},{"start":{},"end":{}}]},"4":{"loc":{"start":{"line":79,"column":6},"end":{"line":87,"column":7}},"type":"if","locations":[{"start":{"line":79,"column":6},"end":{"line":87,"column":7}},{"start":{},"end":{}}]},"5":{"loc":{"start":{"line":80,"column":27},"end":{"line":81,"column":68}},"type":"binary-expr","locations":[{"start":{"line":80,"column":27},"end":{"line":80,"column":63}},{"start":{"line":81,"column":26},"end":{"line":81,"column":68}}]},"6":{"loc":{"start":{"line":82,"column":30},"end":{"line":83,"column":75}},"type":"binary-expr","locations":[{"start":{"line":82,"column":30},"end":{"line":82,"column":66}},{"start":{"line":83,"column":29},"end":{"line":83,"column":75}}]},"7":{"loc":{"start":{"line":84,"column":8},"end":{"line":86,"column":9}},"type":"if","locations":[{"start":{"line":84,"column":8},"end":{"line":86,"column":9}},{"start":{},"end":{}}]},"8":{"loc":{"start":{"line":84,"column":12},"end":{"line":84,"column":39}},"type":"binary-expr","locations":[{"start":{"line":84,"column":12},"end":{"line":84,"column":22}},{"start":{"line":84,"column":26},"end":{"line":84,"column":39}}]},"9":{"loc":{"start":{"line":93,"column":4},"end":{"line":97,"column":5}},"type":"if","locations":[{"start":{"line":93,"column":4},"end":{"line":97,"column":5}},{"start":{},"end":{}}]},"10":{"loc":{"start":{"line":94,"column":6},"end":{"line":96,"column":7}},"type":"if","locations":[{"start":{"line":94,"column":6},"end":{"line":96,"column":7}},{"start":{},"end":{}}]},"11":{"loc":{"start":{"line":103,"column":4},"end":{"line":107,"column":5}},"type":"if","locations":[{"start":{"line":103,"column":4},"end":{"line":107,"column":5}},{"start":{},"end":{}}]},"12":{"loc":{"start":{"line":103,"column":8},"end":{"line":103,"column":93}},"type":"binary-expr","locations":[{"start":{"line":103,"column":8},"end":{"line":103,"column":26}},{"start":{"line":103,"column":30},"end":{"line":103,"column":61}},{"start":{"line":103,"column":65},"end":{"line":103,"column":93}}]},"13":{"loc":{"start":{"line":104,"column":6},"end":{"line":106,"column":7}},"type":"if","locations":[{"start":{"line":104,"column":6},"end":{"line":106,"column":7}},{"start":{},"end":{}}]},"14":{"loc":{"start":{"line":112,"column":4},"end":{"line":116,"column":5}},"type":"if","locations":[{"start":{"line":112,"column":4},"end":{"line":116,"column":5}},{"start":{},"end":{}}]},"15":{"loc":{"start":{"line":112,"column":8},"end":{"line":112,"column":64}},"type":"binary-expr","locations":[{"start":{"line":112,"column":8},"end":{"line":112,"column":27}},{"start":{"line":112,"column":31},"end":{"line":112,"column":64}}]},"16":{"loc":{"start":{"line":113,"column":6},"end":{"line":115,"column":7}},"type":"if","locations":[{"start":{"line":113,"column":6},"end":{"line":115,"column":7}},{"start":{},"end":{}}]},"17":{"loc":{"start":{"line":121,"column":4},"end":{"line":155,"column":5}},"type":"if","locations":[{"start":{"line":121,"column":4},"end":{"line":155,"column":5}},{"start":{},"end":{}}]},"18":{"loc":{"start":{"line":121,"column":8},"end":{"line":121,"column":97}},"type":"binary-expr","locations":[{"start":{"line":121,"column":8},"end":{"line":121,"column":30}},{"start":{"line":121,"column":34},"end":{"line":121,"column":65}},{"start":{"line":121,"column":69},"end":{"line":121,"column":97}}]},"19":{"loc":{"start":{"line":124,"column":6},"end":{"line":129,"column":7}},"type":"if","locations":[{"start":{"line":124,"column":6},"end":{"line":129,"column":7}},{"start":{},"end":{}}]},"20":{"loc":{"start":{"line":141,"column":6},"end":{"line":154,"column":7}},"type":"if","locations":[{"start":{"line":141,"column":6},"end":{"line":154,"column":7}},{"start":{"line":148,"column":13},"end":{"line":154,"column":7}}]},"21":{"loc":{"start":{"line":142,"column":8},"end":{"line":144,"column":9}},"type":"if","locations":[{"start":{"line":142,"column":8},"end":{"line":144,"column":9}},{"start":{},"end":{}}]},"22":{"loc":{"start":{"line":145,"column":8},"end":{"line":147,"column":9}},"type":"if","locations":[{"start":{"line":145,"column":8},"end":{"line":147,"column":9}},{"start":{},"end":{}}]},"23":{"loc":{"start":{"line":148,"column":13},"end":{"line":154,"column":7}},"type":"if","locations":[{"start":{"line":148,"column":13},"end":{"line":154,"column":7}},{"start":{},"end":{}}]},"24":{"loc":{"start":{"line":150,"column":25},"end":{"line":150,"column":46}},"type":"binary-expr","locations":[{"start":{"line":150,"column":25},"end":{"line":150,"column":40}},{"start":{"line":150,"column":44},"end":{"line":150,"column":46}}]},"25":{"loc":{"start":{"line":151,"column":8},"end":{"line":153,"column":9}},"type":"if","locations":[{"start":{"line":151,"column":8},"end":{"line":153,"column":9}},{"start":{},"end":{}}]},"26":{"loc":{"start":{"line":160,"column":4},"end":{"line":162,"column":5}},"type":"if","locations":[{"start":{"line":160,"column":4},"end":{"line":162,"column":5}},{"start":{},"end":{}}]},"27":{"loc":{"start":{"line":160,"column":8},"end":{"line":160,"column":61}},"type":"binary-expr","locations":[{"start":{"line":160,"column":8},"end":{"line":160,"column":32}},{"start":{"line":160,"column":36},"end":{"line":160,"column":61}}]},"28":{"loc":{"start":{"line":195,"column":4},"end":{"line":225,"column":5}},"type":"if","locations":[{"start":{"line":195,"column":4},"end":{"line":225,"column":5}},{"start":{"line":222,"column":11},"end":{"line":225,"column":5}}]},"29":{"loc":{"start":{"line":195,"column":8},"end":{"line":195,"column":64}},"type":"binary-expr","locations":[{"start":{"line":195,"column":8},"end":{"line":195,"column":32}},{"start":{"line":195,"column":36},"end":{"line":195,"column":64}}]},"30":{"loc":{"start":{"line":197,"column":6},"end":{"line":221,"column":7}},"type":"if","locations":[{"start":{"line":197,"column":6},"end":{"line":221,"column":7}},{"start":{"line":209,"column":13},"end":{"line":221,"column":7}}]},"31":{"loc":{"start":{"line":198,"column":8},"end":{"line":208,"column":9}},"type":"if","locations":[{"start":{"line":198,"column":8},"end":{"line":208,"column":9}},{"start":{"line":200,"column":15},"end":{"line":208,"column":9}}]},"32":{"loc":{"start":{"line":200,"column":15},"end":{"line":208,"column":9}},"type":"if","locations":[{"start":{"line":200,"column":15},"end":{"line":208,"column":9}},{"start":{"line":204,"column":15},"end":{"line":208,"column":9}}]},"33":{"loc":{"start":{"line":200,"column":19},"end":{"line":201,"column":null}},"type":"binary-expr","locations":[{"start":{"line":200,"column":19},"end":{"line":200,"column":44}},{"start":{"line":200,"column":48},"end":{"line":201,"column":null}}]},"34":{"loc":{"start":{"line":201,"column":10},"end":{"line":201,"column":92}},"type":"binary-expr","locations":[{"start":{"line":201,"column":10},"end":{"line":201,"column":53}},{"start":{"line":201,"column":57},"end":{"line":201,"column":92}}]},"35":{"loc":{"start":{"line":204,"column":15},"end":{"line":208,"column":9}},"type":"if","locations":[{"start":{"line":204,"column":15},"end":{"line":208,"column":9}},{"start":{"line":206,"column":15},"end":{"line":208,"column":9}}]},"36":{"loc":{"start":{"line":204,"column":19},"end":{"line":204,"column":105}},"type":"binary-expr","locations":[{"start":{"line":204,"column":19},"end":{"line":204,"column":44}},{"start":{"line":204,"column":48},"end":{"line":204,"column":105}}]},"37":{"loc":{"start":{"line":209,"column":13},"end":{"line":221,"column":7}},"type":"if","locations":[{"start":{"line":209,"column":13},"end":{"line":221,"column":7}},{"start":{},"end":{}}]},"38":{"loc":{"start":{"line":212,"column":10},"end":{"line":212,"column":96}},"type":"binary-expr","locations":[{"start":{"line":212,"column":10},"end":{"line":212,"column":47}},{"start":{"line":212,"column":51},"end":{"line":212,"column":96}}]},"39":{"loc":{"start":{"line":214,"column":8},"end":{"line":220,"column":9}},"type":"if","locations":[{"start":{"line":214,"column":8},"end":{"line":220,"column":9}},{"start":{"line":216,"column":15},"end":{"line":220,"column":9}}]},"40":{"loc":{"start":{"line":216,"column":15},"end":{"line":220,"column":9}},"type":"if","locations":[{"start":{"line":216,"column":15},"end":{"line":220,"column":9}},{"start":{"line":218,"column":15},"end":{"line":220,"column":9}}]},"41":{"loc":{"start":{"line":230,"column":4},"end":{"line":238,"column":5}},"type":"if","locations":[{"start":{"line":230,"column":4},"end":{"line":238,"column":5}},{"start":{"line":235,"column":11},"end":{"line":238,"column":5}}]},"42":{"loc":{"start":{"line":243,"column":4},"end":{"line":252,"column":5}},"type":"if","locations":[{"start":{"line":243,"column":4},"end":{"line":252,"column":5}},{"start":{"line":249,"column":11},"end":{"line":252,"column":5}}]},"43":{"loc":{"start":{"line":244,"column":6},"end":{"line":248,"column":7}},"type":"if","locations":[{"start":{"line":244,"column":6},"end":{"line":248,"column":7}},{"start":{"line":246,"column":13},"end":{"line":248,"column":7}}]},"44":{"loc":{"start":{"line":244,"column":10},"end":{"line":244,"column":76}},"type":"binary-expr","locations":[{"start":{"line":244,"column":10},"end":{"line":244,"column":43}},{"start":{"line":244,"column":47},"end":{"line":244,"column":76}}]},"45":{"loc":{"start":{"line":259,"column":4},"end":{"line":268,"column":5}},"type":"if","locations":[{"start":{"line":259,"column":4},"end":{"line":268,"column":5}},{"start":{"line":265,"column":11},"end":{"line":268,"column":5}}]},"46":{"loc":{"start":{"line":259,"column":8},"end":{"line":259,"column":65}},"type":"binary-expr","locations":[{"start":{"line":259,"column":8},"end":{"line":259,"column":28}},{"start":{"line":259,"column":32},"end":{"line":259,"column":65}}]},"47":{"loc":{"start":{"line":260,"column":6},"end":{"line":264,"column":7}},"type":"if","locations":[{"start":{"line":260,"column":6},"end":{"line":264,"column":7}},{"start":{"line":262,"column":13},"end":{"line":264,"column":7}}]},"48":{"loc":{"start":{"line":274,"column":4},"end":{"line":296,"column":5}},"type":"if","locations":[{"start":{"line":274,"column":4},"end":{"line":296,"column":5}},{"start":{"line":293,"column":11},"end":{"line":296,"column":5}}]},"49":{"loc":{"start":{"line":274,"column":8},"end":{"line":275,"column":71}},"type":"binary-expr","locations":[{"start":{"line":274,"column":8},"end":{"line":274,"column":30}},{"start":{"line":274,"column":34},"end":{"line":274,"column":55}},{"start":{"line":275,"column":8},"end":{"line":275,"column":39}},{"start":{"line":275,"column":43},"end":{"line":275,"column":71}}]},"50":{"loc":{"start":{"line":282,"column":6},"end":{"line":292,"column":7}},"type":"if","locations":[{"start":{"line":282,"column":6},"end":{"line":292,"column":7}},{"start":{"line":284,"column":13},"end":{"line":292,"column":7}}]},"51":{"loc":{"start":{"line":284,"column":13},"end":{"line":292,"column":7}},"type":"if","locations":[{"start":{"line":284,"column":13},"end":{"line":292,"column":7}},{"start":{"line":286,"column":13},"end":{"line":292,"column":7}}]},"52":{"loc":{"start":{"line":286,"column":13},"end":{"line":292,"column":7}},"type":"if","locations":[{"start":{"line":286,"column":13},"end":{"line":292,"column":7}},{"start":{"line":288,"column":13},"end":{"line":292,"column":7}}]},"53":{"loc":{"start":{"line":288,"column":13},"end":{"line":292,"column":7}},"type":"if","locations":[{"start":{"line":288,"column":13},"end":{"line":292,"column":7}},{"start":{"line":290,"column":13},"end":{"line":292,"column":7}}]},"54":{"loc":{"start":{"line":340,"column":2},"end":{"line":343,"column":3}},"type":"if","locations":[{"start":{"line":340,"column":2},"end":{"line":343,"column":3}},{"start":{},"end":{}}]},"55":{"loc":{"start":{"line":340,"column":6},"end":{"line":340,"column":79}},"type":"binary-expr","locations":[{"start":{"line":340,"column":6},"end":{"line":340,"column":41}},{"start":{"line":340,"column":45},"end":{"line":340,"column":79}}]},"56":{"loc":{"start":{"line":346,"column":2},"end":{"line":348,"column":3}},"type":"if","locations":[{"start":{"line":346,"column":2},"end":{"line":348,"column":3}},{"start":{},"end":{}}]},"57":{"loc":{"start":{"line":346,"column":6},"end":{"line":346,"column":77}},"type":"binary-expr","locations":[{"start":{"line":346,"column":6},"end":{"line":346,"column":38}},{"start":{"line":346,"column":42},"end":{"line":346,"column":77}}]},"58":{"loc":{"start":{"line":351,"column":2},"end":{"line":353,"column":3}},"type":"if","locations":[{"start":{"line":351,"column":2},"end":{"line":353,"column":3}},{"start":{},"end":{}}]},"59":{"loc":{"start":{"line":359,"column":2},"end":{"line":372,"column":3}},"type":"if","locations":[{"start":{"line":359,"column":2},"end":{"line":372,"column":3}},{"start":{},"end":{}}]},"60":{"loc":{"start":{"line":365,"column":6},"end":{"line":365,"column":78}},"type":"binary-expr","locations":[{"start":{"line":365,"column":6},"end":{"line":365,"column":40}},{"start":{"line":365,"column":44},"end":{"line":365,"column":78}}]},"61":{"loc":{"start":{"line":368,"column":4},"end":{"line":371,"column":5}},"type":"if","locations":[{"start":{"line":368,"column":4},"end":{"line":371,"column":5}},{"start":{},"end":{}}]},"62":{"loc":{"start":{"line":377,"column":2},"end":{"line":390,"column":3}},"type":"if","locations":[{"start":{"line":377,"column":2},"end":{"line":390,"column":3}},{"start":{},"end":{}}]},"63":{"loc":{"start":{"line":377,"column":6},"end":{"line":377,"column":70}},"type":"binary-expr","locations":[{"start":{"line":377,"column":6},"end":{"line":377,"column":35}},{"start":{"line":377,"column":39},"end":{"line":377,"column":70}}]},"64":{"loc":{"start":{"line":378,"column":27},"end":{"line":378,"column":55}},"type":"binary-expr","locations":[{"start":{"line":378,"column":27},"end":{"line":378,"column":49}},{"start":{"line":378,"column":53},"end":{"line":378,"column":55}}]},"65":{"loc":{"start":{"line":385,"column":6},"end":{"line":388,"column":7}},"type":"if","locations":[{"start":{"line":385,"column":6},"end":{"line":388,"column":7}},{"start":{},"end":{}}]},"66":{"loc":{"start":{"line":396,"column":2},"end":{"line":399,"column":3}},"type":"if","locations":[{"start":{"line":396,"column":2},"end":{"line":399,"column":3}},{"start":{},"end":{}}]},"67":{"loc":{"start":{"line":402,"column":51},"end":{"line":402,"column":86}},"type":"binary-expr","locations":[{"start":{"line":402,"column":51},"end":{"line":402,"column":66}},{"start":{"line":402,"column":70},"end":{"line":402,"column":86}}]},"68":{"loc":{"start":{"line":423,"column":4},"end":{"line":429,"column":23}},"type":"binary-expr","locations":[{"start":{"line":423,"column":4},"end":{"line":423,"column":31}},{"start":{"line":424,"column":5},"end":{"line":424,"column":36}},{"start":{"line":424,"column":40},"end":{"line":424,"column":68}},{"start":{"line":425,"column":4},"end":{"line":425,"column":33}},{"start":{"line":425,"column":37},"end":{"line":425,"column":65}},{"start":{"line":426,"column":4},"end":{"line":426,"column":30}},{"start":{"line":427,"column":4},"end":{"line":427,"column":33}},{"start":{"line":428,"column":4},"end":{"line":428,"column":24}},{"start":{"line":429,"column":4},"end":{"line":429,"column":23}}]},"69":{"loc":{"start":{"line":464,"column":2},"end":{"line":479,"column":3}},"type":"if","locations":[{"start":{"line":464,"column":2},"end":{"line":479,"column":3}},{"start":{},"end":{}}]},"70":{"loc":{"start":{"line":466,"column":4},"end":{"line":478,"column":5}},"type":"if","locations":[{"start":{"line":466,"column":4},"end":{"line":478,"column":5}},{"start":{"line":472,"column":11},"end":{"line":478,"column":5}}]},"71":{"loc":{"start":{"line":487,"column":4},"end":{"line":489,"column":5}},"type":"if","locations":[{"start":{"line":487,"column":4},"end":{"line":489,"column":5}},{"start":{},"end":{}}]},"72":{"loc":{"start":{"line":492,"column":16},"end":{"line":492,"column":56}},"type":"cond-expr","locations":[{"start":{"line":492,"column":28},"end":{"line":492,"column":32}},{"start":{"line":492,"column":32},"end":{"line":492,"column":56}}]},"73":{"loc":{"start":{"line":492,"column":16},"end":{"line":492,"column":32}},"type":"binary-expr","locations":[{"start":{"line":492,"column":16},"end":{"line":492,"column":32}},{"start":{"line":492,"column":28},"end":{"line":492,"column":32}}]},"74":{"loc":{"start":{"line":493,"column":16},"end":{"line":493,"column":56}},"type":"cond-expr","locations":[{"start":{"line":493,"column":28},"end":{"line":493,"column":32}},{"start":{"line":493,"column":32},"end":{"line":493,"column":56}}]},"75":{"loc":{"start":{"line":493,"column":16},"end":{"line":493,"column":32}},"type":"binary-expr","locations":[{"start":{"line":493,"column":16},"end":{"line":493,"column":32}},{"start":{"line":493,"column":28},"end":{"line":493,"column":32}}]},"76":{"loc":{"start":{"line":494,"column":4},"end":{"line":496,"column":5}},"type":"if","locations":[{"start":{"line":494,"column":4},"end":{"line":496,"column":5}},{"start":{},"end":{}}]}},"s":{"0":1,"1":1,"2":1,"3":1,"4":1,"5":31,"6":172,"7":98,"8":98,"9":37,"10":16,"11":16,"12":16,"13":21,"14":61,"15":50,"16":50,"17":50,"18":0,"19":135,"20":0,"21":0,"22":135,"23":30,"24":10,"25":125,"26":40,"27":20,"28":105,"29":34,"30":34,"31":2,"32":32,"33":32,"34":2,"35":0,"36":2,"37":1,"38":30,"39":30,"40":30,"41":15,"42":87,"43":15,"44":72,"45":21,"46":72,"47":72,"48":72,"49":1,"50":0,"51":0,"52":0,"53":0,"54":0,"55":0,"56":0,"57":0,"58":1,"59":1,"60":1,"61":1,"62":1,"63":0,"64":0,"65":0,"66":71,"67":72,"68":72,"69":72,"70":73,"71":72,"72":0,"73":72,"74":72,"75":0,"76":0,"77":0,"78":72,"79":72,"80":72,"81":14,"82":7,"83":7,"84":58,"85":72,"86":72,"87":72,"88":13,"89":13,"90":11,"91":2,"92":0,"93":2,"94":0,"95":2,"96":0,"97":2,"98":59,"99":72,"100":72,"101":72,"102":72,"103":3,"104":3,"105":3,"106":3,"107":3,"108":3,"109":3,"110":3,"111":3,"112":3,"113":0,"114":3,"115":2,"116":2,"117":2,"118":4,"119":2,"120":2,"121":2,"122":1,"123":1,"124":1,"125":1,"126":4,"127":4,"128":4,"129":0,"130":0,"131":1,"132":1,"133":1,"134":0,"135":0,"136":1,"137":0,"138":1,"139":1,"140":3,"141":21,"142":21,"143":21,"144":21,"145":21,"146":21,"147":3,"148":2,"149":2,"150":2,"151":2,"152":1,"153":1,"154":1,"155":1,"156":21,"157":21,"158":96,"159":96,"160":0,"161":0,"162":0,"163":0,"164":0,"165":21},"f":{"0":31,"1":172,"2":21,"3":72,"4":0,"5":1,"6":73,"7":3,"8":4,"9":0,"10":3,"11":21,"12":96},"b":{"0":[98,74],"1":[37,61],"2":[16,21],"3":[16,0],"4":[50,11],"5":[50,24],"6":[50,24],"7":[0,50],"8":[50,50],"9":[0,135],"10":[0,0],"11":[30,105],"12":[135,41,38],"13":[10,20],"14":[40,85],"15":[125,40],"16":[20,20],"17":[34,71],"18":[105,102,96],"19":[2,32],"20":[2,30],"21":[0,2],"22":[1,1],"23":[30,0],"24":[30,0],"25":[15,15],"26":[15,72],"27":[87,73],"28":[1,71],"29":[72,71],"30":[0,1],"31":[0,0],"32":[0,0],"33":[0,0],"34":[0,0],"35":[0,0],"36":[0,0],"37":[1,0],"38":[1,0],"39":[1,0],"40":[0,0],"41":[72,0],"42":[0,72],"43":[0,0],"44":[0,0],"45":[14,58],"46":[72,60],"47":[7,7],"48":[13,59],"49":[72,69,68,62],"50":[11,2],"51":[0,2],"52":[0,2],"53":[0,2],"54":[3,0],"55":[3,3],"56":[3,0],"57":[3,3],"58":[0,3],"59":[2,1],"60":[4,0],"61":[2,0],"62":[1,0],"63":[1,1],"64":[1,0],"65":[0,4],"66":[0,1],"67":[0,0],"68":[3,3,1,3,3,3,3,3,2],"69":[3,18],"70":[2,1],"71":[96,0],"72":[0,0],"73":[0,0],"74":[0,0],"75":[0,0],"76":[0,0]}}
}
