TN:
SF:lib/matching/matching-engine.ts
FN:54,applyHardFilters
FN:58,(anonymous_1)
FN:178,applySoftScoring
FN:182,(anonymous_3)
FN:200,(anonymous_4)
FN:211,(anonymous_5)
FN:231,(anonymous_6)
FN:325,applyFallbackLayers
FN:364,(anonymous_8)
FN:402,(anonymous_9)
FN:421,isGenericQuery
FN:450,findMatches
FN:485,(anonymous_12)
FNF:13
FNH:11
FNDA:31,applyHardFilters
FNDA:172,(anonymous_1)
FNDA:21,applySoftScoring
FNDA:72,(anonymous_3)
FNDA:0,(anonymous_4)
FNDA:1,(anonymous_5)
FNDA:73,(anonymous_6)
FNDA:3,applyFallbackLayers
FNDA:4,(anonymous_8)
FNDA:0,(anonymous_9)
FNDA:3,isGenericQuery
FNDA:21,findMatches
FNDA:96,(anonymous_12)
DA:13,1
DA:54,1
DA:58,31
DA:62,172
DA:63,98
DA:65,98
DA:67,37
DA:68,16
DA:69,16
DA:70,16
DA:73,21
DA:79,61
DA:80,50
DA:82,50
DA:84,50
DA:85,0
DA:93,135
DA:94,0
DA:95,0
DA:103,135
DA:104,30
DA:105,10
DA:112,125
DA:113,40
DA:114,20
DA:121,105
DA:122,34
DA:124,34
DA:128,2
DA:132,32
DA:141,32
DA:142,2
DA:143,0
DA:145,2
DA:146,1
DA:148,30
DA:150,30
DA:151,30
DA:152,15
DA:160,87
DA:161,15
DA:164,72
DA:178,1
DA:182,21
DA:183,72
DA:184,72
DA:195,72
DA:197,1
DA:198,0
DA:199,0
DA:200,0
DA:201,0
DA:203,0
DA:204,0
DA:205,0
DA:207,0
DA:209,1
DA:211,1
DA:212,1
DA:214,1
DA:215,1
DA:216,0
DA:217,0
DA:219,0
DA:224,71
DA:226,72
DA:230,72
DA:231,72
DA:232,73
DA:234,72
DA:237,0
DA:239,72
DA:243,72
DA:244,0
DA:245,0
DA:247,0
DA:251,72
DA:253,72
DA:259,72
DA:260,14
DA:261,7
DA:263,7
DA:267,58
DA:269,72
DA:273,72
DA:274,72
DA:276,13
DA:282,13
DA:283,11
DA:284,2
DA:285,0
DA:286,2
DA:287,0
DA:288,2
DA:289,0
DA:291,2
DA:295,59
DA:297,72
DA:301,72
DA:302,72
DA:304,72
DA:325,1
DA:329,3
DA:330,3
DA:331,3
DA:337,3
DA:340,3
DA:341,3
DA:342,3
DA:346,3
DA:350,3
DA:351,3
DA:352,0
DA:359,3
DA:360,2
DA:361,2
DA:364,2
DA:365,4
DA:368,2
DA:369,2
DA:370,2
DA:377,1
DA:378,1
DA:379,1
DA:381,1
DA:382,4
DA:383,4
DA:385,4
DA:386,0
DA:387,0
DA:393,1
DA:394,1
DA:396,1
DA:397,0
DA:398,0
DA:402,1
DA:403,1
DA:404,1
DA:422,3
DA:450,1
DA:454,21
DA:457,21
DA:458,21
DA:461,21
DA:462,21
DA:464,21
DA:466,3
DA:468,2
DA:469,2
DA:470,2
DA:471,2
DA:474,1
DA:475,1
DA:476,1
DA:477,1
DA:482,21
DA:485,21
DA:487,96
DA:488,96
DA:492,0
DA:493,0
DA:494,0
DA:495,0
DA:499,0
DA:502,21
LF:165
LH:133
BRDA:62,0,0,98
BRDA:62,0,1,74
BRDA:65,1,0,37
BRDA:65,1,1,61
BRDA:67,2,0,16
BRDA:67,2,1,21
BRDA:69,3,0,16
BRDA:69,3,1,0
BRDA:79,4,0,50
BRDA:79,4,1,11
BRDA:80,5,0,50
BRDA:80,5,1,24
BRDA:82,6,0,50
BRDA:82,6,1,24
BRDA:84,7,0,0
BRDA:84,7,1,50
BRDA:84,8,0,50
BRDA:84,8,1,50
BRDA:93,9,0,0
BRDA:93,9,1,135
BRDA:94,10,0,0
BRDA:94,10,1,0
BRDA:103,11,0,30
BRDA:103,11,1,105
BRDA:103,12,0,135
BRDA:103,12,1,41
BRDA:103,12,2,38
BRDA:104,13,0,10
BRDA:104,13,1,20
BRDA:112,14,0,40
BRDA:112,14,1,85
BRDA:112,15,0,125
BRDA:112,15,1,40
BRDA:113,16,0,20
BRDA:113,16,1,20
BRDA:121,17,0,34
BRDA:121,17,1,71
BRDA:121,18,0,105
BRDA:121,18,1,102
BRDA:121,18,2,96
BRDA:124,19,0,2
BRDA:124,19,1,32
BRDA:141,20,0,2
BRDA:141,20,1,30
BRDA:142,21,0,0
BRDA:142,21,1,2
BRDA:145,22,0,1
BRDA:145,22,1,1
BRDA:148,23,0,30
BRDA:148,23,1,0
BRDA:150,24,0,30
BRDA:150,24,1,0
BRDA:151,25,0,15
BRDA:151,25,1,15
BRDA:160,26,0,15
BRDA:160,26,1,72
BRDA:160,27,0,87
BRDA:160,27,1,73
BRDA:195,28,0,1
BRDA:195,28,1,71
BRDA:195,29,0,72
BRDA:195,29,1,71
BRDA:197,30,0,0
BRDA:197,30,1,1
BRDA:198,31,0,0
BRDA:198,31,1,0
BRDA:200,32,0,0
BRDA:200,32,1,0
BRDA:200,33,0,0
BRDA:200,33,1,0
BRDA:201,34,0,0
BRDA:201,34,1,0
BRDA:204,35,0,0
BRDA:204,35,1,0
BRDA:204,36,0,0
BRDA:204,36,1,0
BRDA:209,37,0,1
BRDA:209,37,1,0
BRDA:212,38,0,1
BRDA:212,38,1,0
BRDA:214,39,0,1
BRDA:214,39,1,0
BRDA:216,40,0,0
BRDA:216,40,1,0
BRDA:230,41,0,72
BRDA:230,41,1,0
BRDA:243,42,0,0
BRDA:243,42,1,72
BRDA:244,43,0,0
BRDA:244,43,1,0
BRDA:244,44,0,0
BRDA:244,44,1,0
BRDA:259,45,0,14
BRDA:259,45,1,58
BRDA:259,46,0,72
BRDA:259,46,1,60
BRDA:260,47,0,7
BRDA:260,47,1,7
BRDA:274,48,0,13
BRDA:274,48,1,59
BRDA:274,49,0,72
BRDA:274,49,1,69
BRDA:274,49,2,68
BRDA:274,49,3,62
BRDA:282,50,0,11
BRDA:282,50,1,2
BRDA:284,51,0,0
BRDA:284,51,1,2
BRDA:286,52,0,0
BRDA:286,52,1,2
BRDA:288,53,0,0
BRDA:288,53,1,2
BRDA:340,54,0,3
BRDA:340,54,1,0
BRDA:340,55,0,3
BRDA:340,55,1,3
BRDA:346,56,0,3
BRDA:346,56,1,0
BRDA:346,57,0,3
BRDA:346,57,1,3
BRDA:351,58,0,0
BRDA:351,58,1,3
BRDA:359,59,0,2
BRDA:359,59,1,1
BRDA:365,60,0,4
BRDA:365,60,1,0
BRDA:368,61,0,2
BRDA:368,61,1,0
BRDA:377,62,0,1
BRDA:377,62,1,0
BRDA:377,63,0,1
BRDA:377,63,1,1
BRDA:378,64,0,1
BRDA:378,64,1,0
BRDA:385,65,0,0
BRDA:385,65,1,4
BRDA:396,66,0,0
BRDA:396,66,1,1
BRDA:402,67,0,0
BRDA:402,67,1,0
BRDA:423,68,0,3
BRDA:423,68,1,3
BRDA:423,68,2,1
BRDA:423,68,3,3
BRDA:423,68,4,3
BRDA:423,68,5,3
BRDA:423,68,6,3
BRDA:423,68,7,3
BRDA:423,68,8,2
BRDA:464,69,0,3
BRDA:464,69,1,18
BRDA:466,70,0,2
BRDA:466,70,1,1
BRDA:487,71,0,96
BRDA:487,71,1,0
BRDA:492,72,0,0
BRDA:492,72,1,0
BRDA:492,73,0,0
BRDA:492,73,1,0
BRDA:493,74,0,0
BRDA:493,74,1,0
BRDA:493,75,0,0
BRDA:493,75,1,0
BRDA:494,76,0,0
BRDA:494,76,1,0
BRF:165
BRH:108
end_of_record
